Copyright 1986-2017 Xilinx, Inc. All Rights Reserved.
------------------------------------------------------------------------------------------------------------------
| Tool Version : Vivado v.2017.4 (win64) Build 2086221 Fri Dec 15 20:55:39 MST 2017
| Date         : Tue May 17 15:31:37 2022
| Host         : LAPTOP-GQQ9775L running 64-bit major release  (build 9200)
| Command      : report_drc -file T_wrapper_drc_opted.rpt -pb T_wrapper_drc_opted.pb -rpx T_wrapper_drc_opted.rpx
| Design       : T_wrapper
| Device       : xc7z020clg400-1
| Speed File   : -1
| Design State : Synthesized
------------------------------------------------------------------------------------------------------------------

Report DRC

Table of Contents
-----------------
1. REPORT SUMMARY
2. REPORT DETAILS

1. REPORT SUMMARY
-----------------
            Netlist: netlist
          Floorplan: design_1
      Design limits: <entire design considered>
           Ruledeck: default
             Max violations: <unlimited>
             Violations found: 23
+--------+----------+------------------------+------------+
| Rule   | Severity | Description            | Violations |
+--------+----------+------------------------+------------+
| DPIP-1 | Warning  | Input pipelining       | 10         |
| DPOP-1 | Warning  | PREG Output pipelining | 5          |
| DPOP-2 | Warning  | MREG Output pipelining | 8          |
+--------+----------+------------------------+------------+

2. REPORT DETAILS
-----------------
DPIP-1#1 Warning
Input pipelining  
DSP T_i/v_tpg_0/inst/tpgBackground_U0/grp_tpgPatternRainbow_fu_429/tmp4_reg_684_reg input T_i/v_tpg_0/inst/tpgBackground_U0/grp_tpgPatternRainbow_fu_429/tmp4_reg_684_reg/A[29:0] is not pipelined. Pipelining DSP48 input will improve performance.
Related violations: <none>

DPIP-1#2 Warning
Input pipelining  
DSP T_i/v_tpg_0/inst/tpgBackground_U0/grp_tpgPatternRainbow_fu_429/tmp_63_reg_674_reg input T_i/v_tpg_0/inst/tpgBackground_U0/grp_tpgPatternRainbow_fu_429/tmp_63_reg_674_reg/A[29:0] is not pipelined. Pipelining DSP48 input will improve performance.
Related violations: <none>

DPIP-1#3 Warning
Input pipelining  
DSP T_i/v_tpg_0/inst/tpgBackground_U0/grp_tpgPatternRainbow_fu_429/tmp_63_reg_674_reg input T_i/v_tpg_0/inst/tpgBackground_U0/grp_tpgPatternRainbow_fu_429/tmp_63_reg_674_reg/C[47:0] is not pipelined. Pipelining DSP48 input will improve performance.
Related violations: <none>

DPIP-1#4 Warning
Input pipelining  
DSP T_i/v_tpg_0/inst/tpgBackground_U0/grp_tpgPatternRainbow_fu_429/tmp_67_reg_679_reg input T_i/v_tpg_0/inst/tpgBackground_U0/grp_tpgPatternRainbow_fu_429/tmp_67_reg_679_reg/A[29:0] is not pipelined. Pipelining DSP48 input will improve performance.
Related violations: <none>

DPIP-1#5 Warning
Input pipelining  
DSP T_i/v_tpg_0/inst/tpgBackground_U0/grp_tpgPatternRainbow_fu_429/v_tpg_mac_muladd_Aem_U42/T_v_tpg_0_0_v_tpg_mac_muladd_Aem_DSP48_4_U/m input T_i/v_tpg_0/inst/tpgBackground_U0/grp_tpgPatternRainbow_fu_429/v_tpg_mac_muladd_Aem_U42/T_v_tpg_0_0_v_tpg_mac_muladd_Aem_DSP48_4_U/m/A[29:0] is not pipelined. Pipelining DSP48 input will improve performance.
Related violations: <none>

DPIP-1#6 Warning
Input pipelining  
DSP T_i/v_tpg_0/inst/tpgBackground_U0/grp_tpgPatternRainbow_fu_429/v_tpg_mac_muladd_Bew_U43/T_v_tpg_0_0_v_tpg_mac_muladd_Bew_DSP48_5_U/p input T_i/v_tpg_0/inst/tpgBackground_U0/grp_tpgPatternRainbow_fu_429/v_tpg_mac_muladd_Bew_U43/T_v_tpg_0_0_v_tpg_mac_muladd_Bew_DSP48_5_U/p/C[47:0] is not pipelined. Pipelining DSP48 input will improve performance.
Related violations: <none>

DPIP-1#7 Warning
Input pipelining  
DSP T_i/v_tpg_0/inst/tpgBackground_U0/grp_tpgPatternRainbow_fu_429/v_tpg_mac_muladd_wdI_U38/T_v_tpg_0_0_v_tpg_mac_muladd_wdI_DSP48_0_U/p input T_i/v_tpg_0/inst/tpgBackground_U0/grp_tpgPatternRainbow_fu_429/v_tpg_mac_muladd_wdI_U38/T_v_tpg_0_0_v_tpg_mac_muladd_wdI_DSP48_0_U/p/A[29:0] is not pipelined. Pipelining DSP48 input will improve performance.
Related violations: <none>

DPIP-1#8 Warning
Input pipelining  
DSP T_i/v_tpg_0/inst/tpgBackground_U0/grp_tpgPatternRainbow_fu_429/v_tpg_mac_muladd_zec_U41/T_v_tpg_0_0_v_tpg_mac_muladd_zec_DSP48_3_U/p input T_i/v_tpg_0/inst/tpgBackground_U0/grp_tpgPatternRainbow_fu_429/v_tpg_mac_muladd_zec_U41/T_v_tpg_0_0_v_tpg_mac_muladd_zec_DSP48_3_U/p/A[29:0] is not pipelined. Pipelining DSP48 input will improve performance.
Related violations: <none>

DPIP-1#9 Warning
Input pipelining  
DSP T_i/v_tpg_0/inst/tpgBackground_U0/grp_tpgPatternZonePlate_fu_570/tmp1_reg_404_reg input T_i/v_tpg_0/inst/tpgBackground_U0/grp_tpgPatternZonePlate_fu_570/tmp1_reg_404_reg/C[47:0] is not pipelined. Pipelining DSP48 input will improve performance.
Related violations: <none>

DPIP-1#10 Warning
Input pipelining  
DSP T_i/v_tpg_0/inst/tpgBackground_U0/grp_tpgPatternZonePlate_fu_570/v_tpg_mul_mul_9nsPgM_U71/T_v_tpg_0_0_v_tpg_mul_mul_9nsPgM_DSP48_9_U/in00 input T_i/v_tpg_0/inst/tpgBackground_U0/grp_tpgPatternZonePlate_fu_570/v_tpg_mul_mul_9nsPgM_U71/T_v_tpg_0_0_v_tpg_mul_mul_9nsPgM_DSP48_9_U/in00/A[29:0] is not pipelined. Pipelining DSP48 input will improve performance.
Related violations: <none>

DPOP-1#1 Warning
PREG Output pipelining  
DSP T_i/v_tpg_0/inst/tpgBackground_U0/grp_tpgPatternRainbow_fu_429/v_tpg_mac_muladd_Bew_U43/T_v_tpg_0_0_v_tpg_mac_muladd_Bew_DSP48_5_U/p output T_i/v_tpg_0/inst/tpgBackground_U0/grp_tpgPatternRainbow_fu_429/v_tpg_mac_muladd_Bew_U43/T_v_tpg_0_0_v_tpg_mac_muladd_Bew_DSP48_5_U/p/P[47:0] is not pipelined (PREG=0). Pipelining the DSP48 output will improve performance and often saves power so it is suggested whenever possible to fully pipeline this function.  If this DSP48 function was inferred, it is suggested to describe an additional register stage after this function.  If the DSP48 was instantiated in the design, it is suggested to set the PREG attribute to 1.
Related violations: <none>

DPOP-1#2 Warning
PREG Output pipelining  
DSP T_i/v_tpg_0/inst/tpgBackground_U0/grp_tpgPatternRainbow_fu_429/v_tpg_mac_muladd_wdI_U38/T_v_tpg_0_0_v_tpg_mac_muladd_wdI_DSP48_0_U/p output T_i/v_tpg_0/inst/tpgBackground_U0/grp_tpgPatternRainbow_fu_429/v_tpg_mac_muladd_wdI_U38/T_v_tpg_0_0_v_tpg_mac_muladd_wdI_DSP48_0_U/p/P[47:0] is not pipelined (PREG=0). Pipelining the DSP48 output will improve performance and often saves power so it is suggested whenever possible to fully pipeline this function.  If this DSP48 function was inferred, it is suggested to describe an additional register stage after this function.  If the DSP48 was instantiated in the design, it is suggested to set the PREG attribute to 1.
Related violations: <none>

DPOP-1#3 Warning
PREG Output pipelining  
DSP T_i/v_tpg_0/inst/tpgBackground_U0/grp_tpgPatternZonePlate_fu_570/v_tpg_am_addmul_1Ngs_U69/T_v_tpg_0_0_v_tpg_am_addmul_1Ngs_DSP48_7_U/m output T_i/v_tpg_0/inst/tpgBackground_U0/grp_tpgPatternZonePlate_fu_570/v_tpg_am_addmul_1Ngs_U69/T_v_tpg_0_0_v_tpg_am_addmul_1Ngs_DSP48_7_U/m/P[47:0] is not pipelined (PREG=0). Pipelining the DSP48 output will improve performance and often saves power so it is suggested whenever possible to fully pipeline this function.  If this DSP48 function was inferred, it is suggested to describe an additional register stage after this function.  If the DSP48 was instantiated in the design, it is suggested to set the PREG attribute to 1.
Related violations: <none>

DPOP-1#4 Warning
PREG Output pipelining  
DSP T_i/v_tpg_0/inst/tpgBackground_U0/grp_tpgPatternZonePlate_fu_570/v_tpg_mac_muladd_OgC_U70/T_v_tpg_0_0_v_tpg_mac_muladd_OgC_DSP48_8_U/p output T_i/v_tpg_0/inst/tpgBackground_U0/grp_tpgPatternZonePlate_fu_570/v_tpg_mac_muladd_OgC_U70/T_v_tpg_0_0_v_tpg_mac_muladd_OgC_DSP48_8_U/p/P[47:0] is not pipelined (PREG=0). Pipelining the DSP48 output will improve performance and often saves power so it is suggested whenever possible to fully pipeline this function.  If this DSP48 function was inferred, it is suggested to describe an additional register stage after this function.  If the DSP48 was instantiated in the design, it is suggested to set the PREG attribute to 1.
Related violations: <none>

DPOP-1#5 Warning
PREG Output pipelining  
DSP T_i/v_tpg_0/inst/tpgBackground_U0/grp_tpgPatternZonePlate_fu_570/v_tpg_mul_mul_9nsPgM_U71/T_v_tpg_0_0_v_tpg_mul_mul_9nsPgM_DSP48_9_U/in00 output T_i/v_tpg_0/inst/tpgBackground_U0/grp_tpgPatternZonePlate_fu_570/v_tpg_mul_mul_9nsPgM_U71/T_v_tpg_0_0_v_tpg_mul_mul_9nsPgM_DSP48_9_U/in00/P[47:0] is not pipelined (PREG=0). Pipelining the DSP48 output will improve performance and often saves power so it is suggested whenever possible to fully pipeline this function.  If this DSP48 function was inferred, it is suggested to describe an additional register stage after this function.  If the DSP48 was instantiated in the design, it is suggested to set the PREG attribute to 1.
Related violations: <none>

DPOP-2#1 Warning
MREG Output pipelining  
DSP T_i/v_tpg_0/inst/tpgBackground_U0/grp_tpgPatternRainbow_fu_429/tmp4_reg_684_reg multiplier stage T_i/v_tpg_0/inst/tpgBackground_U0/grp_tpgPatternRainbow_fu_429/tmp4_reg_684_reg/P[47:0] is not pipelined (MREG=0). Pipelining the multiplier function will improve performance and will save significant power so it is suggested whenever possible to fully pipeline this function.  If this multiplier was inferred, it is suggested to describe an additional register stage after this function.  If there is no registered adder/accumulator following the multiply function, two pipeline stages are suggested to allow both the MREG and PREG registers to be used.  If the DSP48 was instantiated in the design, it is suggested to set both the MREG and PREG attributes to 1 when performing multiply functions.
Related violations: <none>

DPOP-2#2 Warning
MREG Output pipelining  
DSP T_i/v_tpg_0/inst/tpgBackground_U0/grp_tpgPatternRainbow_fu_429/tmp_63_reg_674_reg multiplier stage T_i/v_tpg_0/inst/tpgBackground_U0/grp_tpgPatternRainbow_fu_429/tmp_63_reg_674_reg/P[47:0] is not pipelined (MREG=0). Pipelining the multiplier function will improve performance and will save significant power so it is suggested whenever possible to fully pipeline this function.  If this multiplier was inferred, it is suggested to describe an additional register stage after this function.  If there is no registered adder/accumulator following the multiply function, two pipeline stages are suggested to allow both the MREG and PREG registers to be used.  If the DSP48 was instantiated in the design, it is suggested to set both the MREG and PREG attributes to 1 when performing multiply functions.
Related violations: <none>

DPOP-2#3 Warning
MREG Output pipelining  
DSP T_i/v_tpg_0/inst/tpgBackground_U0/grp_tpgPatternRainbow_fu_429/tmp_67_reg_679_reg multiplier stage T_i/v_tpg_0/inst/tpgBackground_U0/grp_tpgPatternRainbow_fu_429/tmp_67_reg_679_reg/P[47:0] is not pipelined (MREG=0). Pipelining the multiplier function will improve performance and will save significant power so it is suggested whenever possible to fully pipeline this function.  If this multiplier was inferred, it is suggested to describe an additional register stage after this function.  If there is no registered adder/accumulator following the multiply function, two pipeline stages are suggested to allow both the MREG and PREG registers to be used.  If the DSP48 was instantiated in the design, it is suggested to set both the MREG and PREG attributes to 1 when performing multiply functions.
Related violations: <none>

DPOP-2#4 Warning
MREG Output pipelining  
DSP T_i/v_tpg_0/inst/tpgBackground_U0/grp_tpgPatternRainbow_fu_429/v_tpg_mac_muladd_Bew_U43/T_v_tpg_0_0_v_tpg_mac_muladd_Bew_DSP48_5_U/p multiplier stage T_i/v_tpg_0/inst/tpgBackground_U0/grp_tpgPatternRainbow_fu_429/v_tpg_mac_muladd_Bew_U43/T_v_tpg_0_0_v_tpg_mac_muladd_Bew_DSP48_5_U/p/P[47:0] is not pipelined (MREG=0). Pipelining the multiplier function will improve performance and will save significant power so it is suggested whenever possible to fully pipeline this function.  If this multiplier was inferred, it is suggested to describe an additional register stage after this function.  If there is no registered adder/accumulator following the multiply function, two pipeline stages are suggested to allow both the MREG and PREG registers to be used.  If the DSP48 was instantiated in the design, it is suggested to set both the MREG and PREG attributes to 1 when performing multiply functions.
Related violations: <none>

DPOP-2#5 Warning
MREG Output pipelining  
DSP T_i/v_tpg_0/inst/tpgBackground_U0/grp_tpgPatternRainbow_fu_429/v_tpg_mac_muladd_wdI_U38/T_v_tpg_0_0_v_tpg_mac_muladd_wdI_DSP48_0_U/p multiplier stage T_i/v_tpg_0/inst/tpgBackground_U0/grp_tpgPatternRainbow_fu_429/v_tpg_mac_muladd_wdI_U38/T_v_tpg_0_0_v_tpg_mac_muladd_wdI_DSP48_0_U/p/P[47:0] is not pipelined (MREG=0). Pipelining the multiplier function will improve performance and will save significant power so it is suggested whenever possible to fully pipeline this function.  If this multiplier was inferred, it is suggested to describe an additional register stage after this function.  If there is no registered adder/accumulator following the multiply function, two pipeline stages are suggested to allow both the MREG and PREG registers to be used.  If the DSP48 was instantiated in the design, it is suggested to set both the MREG and PREG attributes to 1 when performing multiply functions.
Related violations: <none>

DPOP-2#6 Warning
MREG Output pipelining  
DSP T_i/v_tpg_0/inst/tpgBackground_U0/grp_tpgPatternZonePlate_fu_570/v_tpg_am_addmul_1Ngs_U69/T_v_tpg_0_0_v_tpg_am_addmul_1Ngs_DSP48_7_U/m multiplier stage T_i/v_tpg_0/inst/tpgBackground_U0/grp_tpgPatternZonePlate_fu_570/v_tpg_am_addmul_1Ngs_U69/T_v_tpg_0_0_v_tpg_am_addmul_1Ngs_DSP48_7_U/m/P[47:0] is not pipelined (MREG=0). Pipelining the multiplier function will improve performance and will save significant power so it is suggested whenever possible to fully pipeline this function.  If this multiplier was inferred, it is suggested to describe an additional register stage after this function.  If there is no registered adder/accumulator following the multiply function, two pipeline stages are suggested to allow both the MREG and PREG registers to be used.  If the DSP48 was instantiated in the design, it is suggested to set both the MREG and PREG attributes to 1 when performing multiply functions.
Related violations: <none>

DPOP-2#7 Warning
MREG Output pipelining  
DSP T_i/v_tpg_0/inst/tpgBackground_U0/grp_tpgPatternZonePlate_fu_570/v_tpg_mac_muladd_OgC_U70/T_v_tpg_0_0_v_tpg_mac_muladd_OgC_DSP48_8_U/p multiplier stage T_i/v_tpg_0/inst/tpgBackground_U0/grp_tpgPatternZonePlate_fu_570/v_tpg_mac_muladd_OgC_U70/T_v_tpg_0_0_v_tpg_mac_muladd_OgC_DSP48_8_U/p/P[47:0] is not pipelined (MREG=0). Pipelining the multiplier function will improve performance and will save significant power so it is suggested whenever possible to fully pipeline this function.  If this multiplier was inferred, it is suggested to describe an additional register stage after this function.  If there is no registered adder/accumulator following the multiply function, two pipeline stages are suggested to allow both the MREG and PREG registers to be used.  If the DSP48 was instantiated in the design, it is suggested to set both the MREG and PREG attributes to 1 when performing multiply functions.
Related violations: <none>

DPOP-2#8 Warning
MREG Output pipelining  
DSP T_i/v_tpg_0/inst/tpgBackground_U0/grp_tpgPatternZonePlate_fu_570/v_tpg_mul_mul_9nsPgM_U71/T_v_tpg_0_0_v_tpg_mul_mul_9nsPgM_DSP48_9_U/in00 multiplier stage T_i/v_tpg_0/inst/tpgBackground_U0/grp_tpgPatternZonePlate_fu_570/v_tpg_mul_mul_9nsPgM_U71/T_v_tpg_0_0_v_tpg_mul_mul_9nsPgM_DSP48_9_U/in00/P[47:0] is not pipelined (MREG=0). Pipelining the multiplier function will improve performance and will save significant power so it is suggested whenever possible to fully pipeline this function.  If this multiplier was inferred, it is suggested to describe an additional register stage after this function.  If there is no registered adder/accumulator following the multiply function, two pipeline stages are suggested to allow both the MREG and PREG registers to be used.  If the DSP48 was instantiated in the design, it is suggested to set both the MREG and PREG attributes to 1 when performing multiply functions.
Related violations: <none>


