14:29:52 INFO  : Registering command handlers for SDK TCF services
14:29:52 INFO  : Launching XSCT server: xsct.bat -interactive C:\T\T.sdk\temp_xsdb_launch_script.tcl
14:29:56 INFO  : XSCT server has started successfully.
14:29:56 INFO  : Successfully done setting XSCT server connection channel  
14:29:58 INFO  : Successfully done setting SDK workspace  
14:29:58 INFO  : Processing command line option -hwspec C:/T/T.sdk/T_wrapper.hdf.
14:33:00 INFO  : Connected to target on host '127.0.0.1' and port '3121'.
14:33:01 INFO  : 'targets -set -filter {jtag_cable_name =~ "Xilinx TUL 1234-tulA" && level==0} -index 1' command is executed.
14:33:03 INFO  : FPGA configured successfully with bitstream "C:/T/T.sdk/T_wrapper_hw_platform_0/T_wrapper.bit"
14:33:27 INFO  : 'targets -set -filter {jtag_cable_name =~ "Xilinx TUL 1234-tulA" && level==0} -index 1' command is executed.
14:33:27 INFO  : 'fpga -state' command is executed.
14:33:27 INFO  : Connected to target on host '127.0.0.1' and port '3121'.
14:33:27 INFO  : Jtag cable 'Xilinx TUL 1234-tulA' is selected.
14:33:27 INFO  : 'jtag frequency' command is executed.
14:33:27 INFO  : Sourcing of 'C:/T/T.sdk/T_wrapper_hw_platform_0/ps7_init.tcl' is done.
14:33:27 INFO  : Context for 'APU' is selected.
14:33:27 INFO  : Hardware design information is loaded from 'C:/T/T.sdk/T_wrapper_hw_platform_0/system.hdf'.
14:33:27 INFO  : 'configparams force-mem-access 1' command is executed.
14:33:27 INFO  : Context for 'APU' is selected.
14:33:27 INFO  : 'stop' command is executed.
14:33:28 INFO  : 'ps7_init' command is executed.
14:33:28 INFO  : 'ps7_post_config' command is executed.
14:33:28 INFO  : Context for processor 'ps7_cortexa9_0' is selected.
14:33:28 INFO  : Processor reset is completed for 'ps7_cortexa9_0'.
14:33:28 INFO  : Context for processor 'ps7_cortexa9_0' is selected.
14:33:28 INFO  : The application 'C:/T/T.sdk/test/Debug/test.elf' is downloaded to processor 'ps7_cortexa9_0'.
14:33:28 INFO  : 'configparams force-mem-access 0' command is executed.
14:33:28 INFO  : ----------------XSDB Script----------------
connect -url tcp:127.0.0.1:3121
source C:/T/T.sdk/T_wrapper_hw_platform_0/ps7_init.tcl
targets -set -nocase -filter {name =~"APU*" && jtag_cable_name =~ "Xilinx TUL 1234-tulA"} -index 0
loadhw -hw C:/T/T.sdk/T_wrapper_hw_platform_0/system.hdf -mem-ranges [list {0x40000000 0xbfffffff}]
configparams force-mem-access 1
targets -set -nocase -filter {name =~"APU*" && jtag_cable_name =~ "Xilinx TUL 1234-tulA"} -index 0
stop
ps7_init
ps7_post_config
targets -set -nocase -filter {name =~ "ARM*#0" && jtag_cable_name =~ "Xilinx TUL 1234-tulA"} -index 0
rst -processor
targets -set -nocase -filter {name =~ "ARM*#0" && jtag_cable_name =~ "Xilinx TUL 1234-tulA"} -index 0
dow C:/T/T.sdk/test/Debug/test.elf
configparams force-mem-access 0
----------------End of Script----------------

14:33:28 INFO  : Memory regions updated for context APU
14:33:28 INFO  : Context for processor 'ps7_cortexa9_0' is selected.
14:33:28 INFO  : 'con' command is executed.
14:33:28 INFO  : ----------------XSDB Script (After Launch)----------------
targets -set -nocase -filter {name =~ "ARM*#0" && jtag_cable_name =~ "Xilinx TUL 1234-tulA"} -index 0
con
----------------End of Script----------------

14:33:28 INFO  : Launch script is exported to file 'C:\T\T.sdk\.sdk\launch_scripts\xilinx_c-c++_application_(system_debugger)\system_debugger_using_debug_test.elf_on_local.tcl'
14:50:24 INFO  : Connected to target on host '127.0.0.1' and port '3121'.
14:50:24 INFO  : 'targets -set -filter {jtag_cable_name =~ "Xilinx TUL 1234-tulA" && level==0} -index 1' command is executed.
14:50:27 INFO  : FPGA configured successfully with bitstream "C:/T/T.sdk/T_wrapper_hw_platform_0/T_wrapper.bit"
14:50:34 INFO  : Disconnected from the channel tcfchan#1.
14:50:35 INFO  : 'targets -set -filter {jtag_cable_name =~ "Xilinx TUL 1234-tulA" && level==0} -index 1' command is executed.
14:50:35 INFO  : 'fpga -state' command is executed.
14:50:35 INFO  : Connected to target on host '127.0.0.1' and port '3121'.
14:50:35 INFO  : Jtag cable 'Xilinx TUL 1234-tulA' is selected.
14:50:35 INFO  : 'jtag frequency' command is executed.
14:50:35 INFO  : Sourcing of 'C:/T/T.sdk/T_wrapper_hw_platform_0/ps7_init.tcl' is done.
14:50:35 INFO  : Context for 'APU' is selected.
14:50:37 INFO  : Hardware design information is loaded from 'C:/T/T.sdk/T_wrapper_hw_platform_0/system.hdf'.
14:50:37 INFO  : 'configparams force-mem-access 1' command is executed.
14:50:37 INFO  : Context for 'APU' is selected.
14:50:37 INFO  : 'stop' command is executed.
14:50:37 INFO  : 'ps7_init' command is executed.
14:50:37 INFO  : 'ps7_post_config' command is executed.
14:50:37 INFO  : Context for processor 'ps7_cortexa9_0' is selected.
14:50:37 INFO  : Processor reset is completed for 'ps7_cortexa9_0'.
14:50:37 INFO  : Context for processor 'ps7_cortexa9_0' is selected.
14:50:37 INFO  : The application 'C:/T/T.sdk/test/Debug/test.elf' is downloaded to processor 'ps7_cortexa9_0'.
14:50:37 INFO  : 'configparams force-mem-access 0' command is executed.
14:50:37 INFO  : ----------------XSDB Script----------------
connect -url tcp:127.0.0.1:3121
source C:/T/T.sdk/T_wrapper_hw_platform_0/ps7_init.tcl
targets -set -nocase -filter {name =~"APU*" && jtag_cable_name =~ "Xilinx TUL 1234-tulA"} -index 0
loadhw -hw C:/T/T.sdk/T_wrapper_hw_platform_0/system.hdf -mem-ranges [list {0x40000000 0xbfffffff}]
configparams force-mem-access 1
targets -set -nocase -filter {name =~"APU*" && jtag_cable_name =~ "Xilinx TUL 1234-tulA"} -index 0
stop
ps7_init
ps7_post_config
targets -set -nocase -filter {name =~ "ARM*#0" && jtag_cable_name =~ "Xilinx TUL 1234-tulA"} -index 0
rst -processor
targets -set -nocase -filter {name =~ "ARM*#0" && jtag_cable_name =~ "Xilinx TUL 1234-tulA"} -index 0
dow C:/T/T.sdk/test/Debug/test.elf
configparams force-mem-access 0
----------------End of Script----------------

14:50:37 INFO  : Memory regions updated for context APU
14:50:37 INFO  : Context for processor 'ps7_cortexa9_0' is selected.
14:50:37 INFO  : 'con' command is executed.
14:50:37 INFO  : ----------------XSDB Script (After Launch)----------------
targets -set -nocase -filter {name =~ "ARM*#0" && jtag_cable_name =~ "Xilinx TUL 1234-tulA"} -index 0
con
----------------End of Script----------------

14:50:37 INFO  : Launch script is exported to file 'C:\T\T.sdk\.sdk\launch_scripts\xilinx_c-c++_application_(system_debugger)\system_debugger_using_debug_test.elf_on_local.tcl'
14:56:51 INFO  : Connected to target on host '127.0.0.1' and port '3121'.
14:56:51 INFO  : 'targets -set -filter {jtag_cable_name =~ "Xilinx TUL 1234-tulA" && level==0} -index 1' command is executed.
14:56:54 INFO  : FPGA configured successfully with bitstream "C:/T/T.sdk/T_wrapper_hw_platform_0/T_wrapper.bit"
14:57:06 INFO  : Connected to target on host '127.0.0.1' and port '3121'.
14:57:06 INFO  : 'targets -set -filter {jtag_cable_name =~ "Xilinx TUL 1234-tulA" && level==0} -index 1' command is executed.
14:57:08 INFO  : FPGA configured successfully with bitstream "C:/T/T.sdk/T_wrapper_hw_platform_0/T_wrapper.bit"
14:57:14 INFO  : Disconnected from the channel tcfchan#2.
14:57:15 INFO  : 'targets -set -filter {jtag_cable_name =~ "Xilinx TUL 1234-tulA" && level==0} -index 1' command is executed.
14:57:15 INFO  : 'fpga -state' command is executed.
14:57:15 INFO  : Connected to target on host '127.0.0.1' and port '3121'.
14:57:15 INFO  : Jtag cable 'Xilinx TUL 1234-tulA' is selected.
14:57:15 INFO  : 'jtag frequency' command is executed.
14:57:15 INFO  : Sourcing of 'C:/T/T.sdk/T_wrapper_hw_platform_0/ps7_init.tcl' is done.
14:57:15 INFO  : Context for 'APU' is selected.
14:57:17 INFO  : Hardware design information is loaded from 'C:/T/T.sdk/T_wrapper_hw_platform_0/system.hdf'.
14:57:17 INFO  : 'configparams force-mem-access 1' command is executed.
14:57:17 INFO  : Context for 'APU' is selected.
14:57:17 INFO  : 'stop' command is executed.
14:57:17 INFO  : 'ps7_init' command is executed.
14:57:17 INFO  : 'ps7_post_config' command is executed.
14:57:17 INFO  : Context for processor 'ps7_cortexa9_0' is selected.
14:57:17 INFO  : Processor reset is completed for 'ps7_cortexa9_0'.
14:57:17 INFO  : Context for processor 'ps7_cortexa9_0' is selected.
14:57:17 INFO  : The application 'C:/T/T.sdk/tee/Debug/tee.elf' is downloaded to processor 'ps7_cortexa9_0'.
14:57:17 INFO  : 'configparams force-mem-access 0' command is executed.
14:57:17 INFO  : ----------------XSDB Script----------------
connect -url tcp:127.0.0.1:3121
source C:/T/T.sdk/T_wrapper_hw_platform_0/ps7_init.tcl
targets -set -nocase -filter {name =~"APU*" && jtag_cable_name =~ "Xilinx TUL 1234-tulA"} -index 0
loadhw -hw C:/T/T.sdk/T_wrapper_hw_platform_0/system.hdf -mem-ranges [list {0x40000000 0xbfffffff}]
configparams force-mem-access 1
targets -set -nocase -filter {name =~"APU*" && jtag_cable_name =~ "Xilinx TUL 1234-tulA"} -index 0
stop
ps7_init
ps7_post_config
targets -set -nocase -filter {name =~ "ARM*#0" && jtag_cable_name =~ "Xilinx TUL 1234-tulA"} -index 0
rst -processor
targets -set -nocase -filter {name =~ "ARM*#0" && jtag_cable_name =~ "Xilinx TUL 1234-tulA"} -index 0
dow C:/T/T.sdk/tee/Debug/tee.elf
configparams force-mem-access 0
----------------End of Script----------------

14:57:17 INFO  : Memory regions updated for context APU
14:57:17 INFO  : Context for processor 'ps7_cortexa9_0' is selected.
14:57:17 INFO  : 'con' command is executed.
14:57:17 INFO  : ----------------XSDB Script (After Launch)----------------
targets -set -nocase -filter {name =~ "ARM*#0" && jtag_cable_name =~ "Xilinx TUL 1234-tulA"} -index 0
con
----------------End of Script----------------

14:57:17 INFO  : Launch script is exported to file 'C:\T\T.sdk\.sdk\launch_scripts\xilinx_c-c++_application_(system_debugger)\system_debugger_using_debug_tee.elf_on_local.tcl'
14:59:35 INFO  : Connected to target on host '127.0.0.1' and port '3121'.
14:59:35 INFO  : 'targets -set -filter {jtag_cable_name =~ "Xilinx TUL 1234-tulA" && level==0} -index 1' command is executed.
14:59:37 INFO  : FPGA configured successfully with bitstream "C:/T/T.sdk/T_wrapper_hw_platform_0/T_wrapper.bit"
14:59:43 INFO  : Disconnected from the channel tcfchan#3.
14:59:44 INFO  : 'targets -set -filter {jtag_cable_name =~ "Xilinx TUL 1234-tulA" && level==0} -index 1' command is executed.
14:59:44 INFO  : 'fpga -state' command is executed.
14:59:44 INFO  : Connected to target on host '127.0.0.1' and port '3121'.
14:59:44 INFO  : Jtag cable 'Xilinx TUL 1234-tulA' is selected.
14:59:44 INFO  : 'jtag frequency' command is executed.
14:59:44 INFO  : Sourcing of 'C:/T/T.sdk/T_wrapper_hw_platform_0/ps7_init.tcl' is done.
14:59:44 INFO  : Context for 'APU' is selected.
14:59:46 INFO  : Hardware design information is loaded from 'C:/T/T.sdk/T_wrapper_hw_platform_0/system.hdf'.
14:59:46 INFO  : 'configparams force-mem-access 1' command is executed.
14:59:46 INFO  : Context for 'APU' is selected.
14:59:46 INFO  : 'stop' command is executed.
14:59:46 INFO  : 'ps7_init' command is executed.
14:59:46 INFO  : 'ps7_post_config' command is executed.
14:59:46 INFO  : Context for processor 'ps7_cortexa9_0' is selected.
14:59:46 INFO  : Processor reset is completed for 'ps7_cortexa9_0'.
14:59:46 INFO  : Context for processor 'ps7_cortexa9_0' is selected.
14:59:47 INFO  : The application 'C:/T/T.sdk/tee/Debug/tee.elf' is downloaded to processor 'ps7_cortexa9_0'.
14:59:47 INFO  : 'configparams force-mem-access 0' command is executed.
14:59:47 INFO  : ----------------XSDB Script----------------
connect -url tcp:127.0.0.1:3121
source C:/T/T.sdk/T_wrapper_hw_platform_0/ps7_init.tcl
targets -set -nocase -filter {name =~"APU*" && jtag_cable_name =~ "Xilinx TUL 1234-tulA"} -index 0
loadhw -hw C:/T/T.sdk/T_wrapper_hw_platform_0/system.hdf -mem-ranges [list {0x40000000 0xbfffffff}]
configparams force-mem-access 1
targets -set -nocase -filter {name =~"APU*" && jtag_cable_name =~ "Xilinx TUL 1234-tulA"} -index 0
stop
ps7_init
ps7_post_config
targets -set -nocase -filter {name =~ "ARM*#0" && jtag_cable_name =~ "Xilinx TUL 1234-tulA"} -index 0
rst -processor
targets -set -nocase -filter {name =~ "ARM*#0" && jtag_cable_name =~ "Xilinx TUL 1234-tulA"} -index 0
dow C:/T/T.sdk/tee/Debug/tee.elf
configparams force-mem-access 0
----------------End of Script----------------

14:59:47 INFO  : Memory regions updated for context APU
14:59:47 INFO  : Context for processor 'ps7_cortexa9_0' is selected.
14:59:47 INFO  : 'con' command is executed.
14:59:47 INFO  : ----------------XSDB Script (After Launch)----------------
targets -set -nocase -filter {name =~ "ARM*#0" && jtag_cable_name =~ "Xilinx TUL 1234-tulA"} -index 0
con
----------------End of Script----------------

14:59:47 INFO  : Launch script is exported to file 'C:\T\T.sdk\.sdk\launch_scripts\xilinx_c-c++_application_(system_debugger)\system_debugger_using_debug_tee.elf_on_local.tcl'
15:33:16 INFO  : SDK has detected change in the last modified timestamps for source hardware specification file Source:1652797974227,  Project:1652794002396
15:33:16 INFO  : Project T_wrapper_hw_platform_0's source hardware specification located at C:/T/T.sdk/T_wrapper.hdf is now different from the local copy.
		 The local copy will be replaced with the source specification and your workspace will be updated.
15:33:20 INFO  : Copied contents of C:/T/T.sdk/T_wrapper.hdf into \T_wrapper_hw_platform_0\system.hdf.
15:33:23 INFO  : Synchronizing projects in the workspace with the hardware platform specification changes.
15:33:25 INFO  : 
15:33:26 INFO  : Updating hardware inferred compiler options for tee.
15:33:26 INFO  : Clearing existing target manager status.
15:33:26 WARN  : Given IPC port value is invalid. Using default port 2350
15:33:26 WARN  : Given XMD timeout value is invalid. Using default value of 50000
15:33:28 WARN  : Given XMD transaction timeout value is invalid. Using default value of 60000 milli seconds
15:33:28 INFO  : Closing and re-opening the MSS file of ther project tee_bsp
15:33:28 INFO  : Workspace synchronized with the new hardware specification file. Cleaning dependent projects...
15:33:30 WARN  : Linker script will not be updated automatically. Users need to update it manually.
15:34:00 INFO  : Connected to target on host '127.0.0.1' and port '3121'.
15:34:00 INFO  : 'targets -set -filter {jtag_cable_name =~ "Xilinx TUL 1234-tulA" && level==0} -index 1' command is executed.
15:34:02 INFO  : FPGA configured successfully with bitstream "C:/T/T.sdk/T_wrapper_hw_platform_0/T_wrapper.bit"
15:34:10 INFO  : Disconnected from the channel tcfchan#4.
15:34:11 INFO  : 'targets -set -filter {jtag_cable_name =~ "Xilinx TUL 1234-tulA" && level==0} -index 1' command is executed.
15:34:11 INFO  : 'fpga -state' command is executed.
15:34:11 INFO  : Connected to target on host '127.0.0.1' and port '3121'.
15:34:11 INFO  : Jtag cable 'Xilinx TUL 1234-tulA' is selected.
15:34:11 INFO  : 'jtag frequency' command is executed.
15:34:11 INFO  : Sourcing of 'C:/T/T.sdk/T_wrapper_hw_platform_0/ps7_init.tcl' is done.
15:34:11 INFO  : Context for 'APU' is selected.
15:34:11 INFO  : Hardware design information is loaded from 'C:/T/T.sdk/T_wrapper_hw_platform_0/system.hdf'.
15:34:11 INFO  : 'configparams force-mem-access 1' command is executed.
15:34:11 INFO  : Context for 'APU' is selected.
15:34:11 INFO  : 'stop' command is executed.
15:34:11 INFO  : 'ps7_init' command is executed.
15:34:12 INFO  : 'ps7_post_config' command is executed.
15:34:12 INFO  : Context for processor 'ps7_cortexa9_0' is selected.
15:34:12 INFO  : Processor reset is completed for 'ps7_cortexa9_0'.
15:34:12 INFO  : Context for processor 'ps7_cortexa9_0' is selected.
15:34:12 INFO  : The application 'C:/T/T.sdk/tee/Debug/tee.elf' is downloaded to processor 'ps7_cortexa9_0'.
15:34:12 INFO  : 'configparams force-mem-access 0' command is executed.
15:34:12 INFO  : ----------------XSDB Script----------------
connect -url tcp:127.0.0.1:3121
source C:/T/T.sdk/T_wrapper_hw_platform_0/ps7_init.tcl
targets -set -nocase -filter {name =~"APU*" && jtag_cable_name =~ "Xilinx TUL 1234-tulA"} -index 0
loadhw -hw C:/T/T.sdk/T_wrapper_hw_platform_0/system.hdf -mem-ranges [list {0x40000000 0xbfffffff}]
configparams force-mem-access 1
targets -set -nocase -filter {name =~"APU*" && jtag_cable_name =~ "Xilinx TUL 1234-tulA"} -index 0
stop
ps7_init
ps7_post_config
targets -set -nocase -filter {name =~ "ARM*#0" && jtag_cable_name =~ "Xilinx TUL 1234-tulA"} -index 0
rst -processor
targets -set -nocase -filter {name =~ "ARM*#0" && jtag_cable_name =~ "Xilinx TUL 1234-tulA"} -index 0
dow C:/T/T.sdk/tee/Debug/tee.elf
configparams force-mem-access 0
----------------End of Script----------------

15:34:12 INFO  : Memory regions updated for context APU
15:34:12 INFO  : Context for processor 'ps7_cortexa9_0' is selected.
15:34:12 INFO  : 'con' command is executed.
15:34:12 INFO  : ----------------XSDB Script (After Launch)----------------
targets -set -nocase -filter {name =~ "ARM*#0" && jtag_cable_name =~ "Xilinx TUL 1234-tulA"} -index 0
con
----------------End of Script----------------

15:34:12 INFO  : Launch script is exported to file 'C:\T\T.sdk\.sdk\launch_scripts\xilinx_c-c++_application_(system_debugger)\system_debugger_using_debug_tee.elf_on_local.tcl'
15:42:17 INFO  : Disconnected from the channel tcfchan#5.
15:42:20 ERROR : Unexpected error while parsing XMD response ?: com.google.gson.JsonSyntaxException: com.google.gson.stream.MalformedJsonException: invalid number or unquoted string near 
19:37:41 INFO  : Launching XSCT server: xsct.bat -interactive C:\T\T.sdk\temp_xsdb_launch_script.tcl
19:37:43 INFO  : XSCT server has started successfully.
19:37:43 INFO  : Successfully done setting XSCT server connection channel  
19:37:44 INFO  : Successfully done setting SDK workspace  
19:37:48 INFO  : Registering command handlers for SDK TCF services
19:37:48 INFO  : Processing command line option -hwspec C:/T/T.sdk/T_wrapper.hdf.
19:37:49 INFO  : Checking for hwspec changes in the project T_wrapper_hw_platform_0.
